Looking in indexes: https://pypi.org/simple, https://d33sy5i8bnduwe.cloudfront.net/simple/
Collecting aiohttp
  Downloading aiohttp-3.12.15-cp311-cp311-manylinux_2_17_aarch64.manylinux2014_aarch64.whl.metadata (7.7 kB)
Collecting python-telegram-bot
  Downloading python_telegram_bot-22.3-py3-none-any.whl.metadata (17 kB)
Collecting celery
  Downloading celery-5.5.3-py3-none-any.whl.metadata (22 kB)
Collecting redis
  Downloading redis-6.4.0-py3-none-any.whl.metadata (10 kB)
Collecting websockets
  Downloading websockets-15.0.1-cp311-cp311-manylinux_2_17_aarch64.manylinux2014_aarch64.whl.metadata (6.8 kB)
Collecting nltk
  Downloading nltk-3.9.1-py3-none-any.whl.metadata (2.9 kB)
Collecting textblob
  Downloading textblob-0.19.0-py3-none-any.whl.metadata (4.4 kB)
Collecting aiohappyeyeballs>=2.5.0 (from aiohttp)
  Downloading aiohappyeyeballs-2.6.1-py3-none-any.whl.metadata (5.9 kB)
Collecting aiosignal>=1.4.0 (from aiohttp)
  Using cached aiosignal-1.4.0-py3-none-any.whl.metadata (3.7 kB)
Collecting attrs>=17.3.0 (from aiohttp)
  Using cached attrs-25.3.0-py3-none-any.whl.metadata (10 kB)
Collecting frozenlist>=1.1.1 (from aiohttp)
  Using cached frozenlist-1.7.0-cp311-cp311-manylinux_2_17_aarch64.manylinux2014_aarch64.whl.metadata (18 kB)
Collecting multidict<7.0,>=4.5 (from aiohttp)
  Using cached multidict-6.6.4-cp311-cp311-manylinux2014_aarch64.manylinux_2_17_aarch64.manylinux_2_28_aarch64.whl.metadata (5.3 kB)
Collecting propcache>=0.2.0 (from aiohttp)
  Using cached propcache-0.3.2-cp311-cp311-manylinux_2_17_aarch64.manylinux2014_aarch64.whl.metadata (12 kB)
Collecting yarl<2.0,>=1.17.0 (from aiohttp)
  Using cached yarl-1.20.1-cp311-cp311-manylinux_2_17_aarch64.manylinux2014_aarch64.whl.metadata (73 kB)
Requirement already satisfied: idna>=2.0 in /root/.venv/lib/python3.11/site-packages (from yarl<2.0,>=1.17.0->aiohttp) (3.10)
Collecting httpx<0.29,>=0.27 (from python-telegram-bot)
  Downloading httpx-0.28.1-py3-none-any.whl.metadata (7.1 kB)
Requirement already satisfied: anyio in /root/.venv/lib/python3.11/site-packages (from httpx<0.29,>=0.27->python-telegram-bot) (4.10.0)
Requirement already satisfied: certifi in /root/.venv/lib/python3.11/site-packages (from httpx<0.29,>=0.27->python-telegram-bot) (2025.8.3)
Collecting httpcore==1.* (from httpx<0.29,>=0.27->python-telegram-bot)
  Using cached httpcore-1.0.9-py3-none-any.whl.metadata (21 kB)
Requirement already satisfied: h11>=0.16 in /root/.venv/lib/python3.11/site-packages (from httpcore==1.*->httpx<0.29,>=0.27->python-telegram-bot) (0.16.0)
Collecting billiard<5.0,>=4.2.1 (from celery)
  Using cached billiard-4.2.1-py3-none-any.whl.metadata (4.4 kB)
Collecting kombu<5.6,>=5.5.2 (from celery)
  Using cached kombu-5.5.4-py3-none-any.whl.metadata (3.5 kB)
Collecting vine<6.0,>=5.1.0 (from celery)
  Using cached vine-5.1.0-py3-none-any.whl.metadata (2.7 kB)
Requirement already satisfied: click<9.0,>=8.1.2 in /root/.venv/lib/python3.11/site-packages (from celery) (8.2.1)
Collecting click-didyoumean>=0.3.0 (from celery)
  Using cached click_didyoumean-0.3.1-py3-none-any.whl.metadata (3.9 kB)
Collecting click-repl>=0.2.0 (from celery)
  Using cached click_repl-0.3.0-py3-none-any.whl.metadata (3.6 kB)
Collecting click-plugins>=1.1.1 (from celery)
  Using cached click_plugins-1.1.1.2-py2.py3-none-any.whl.metadata (6.5 kB)
Requirement already satisfied: python-dateutil>=2.8.2 in /root/.venv/lib/python3.11/site-packages (from celery) (2.9.0.post0)
Collecting amqp<6.0.0,>=5.1.1 (from kombu<5.6,>=5.5.2->celery)
  Using cached amqp-5.3.1-py3-none-any.whl.metadata (8.9 kB)
Requirement already satisfied: tzdata>=2025.2 in /root/.venv/lib/python3.11/site-packages (from kombu<5.6,>=5.5.2->celery) (2025.2)
Requirement already satisfied: packaging in /root/.venv/lib/python3.11/site-packages (from kombu<5.6,>=5.5.2->celery) (25.0)
Requirement already satisfied: joblib in /root/.venv/lib/python3.11/site-packages (from nltk) (1.5.2)
Requirement already satisfied: regex>=2021.8.3 in /root/.venv/lib/python3.11/site-packages (from nltk) (2025.9.1)
Requirement already satisfied: tqdm in /root/.venv/lib/python3.11/site-packages (from nltk) (4.67.1)
Requirement already satisfied: typing-extensions>=4.2 in /root/.venv/lib/python3.11/site-packages (from aiosignal>=1.4.0->aiohttp) (4.15.0)
Collecting prompt-toolkit>=3.0.36 (from click-repl>=0.2.0->celery)
  Using cached prompt_toolkit-3.0.52-py3-none-any.whl.metadata (6.4 kB)
Collecting wcwidth (from prompt-toolkit>=3.0.36->click-repl>=0.2.0->celery)
  Using cached wcwidth-0.2.13-py2.py3-none-any.whl.metadata (14 kB)
Requirement already satisfied: six>=1.5 in /root/.venv/lib/python3.11/site-packages (from python-dateutil>=2.8.2->celery) (1.17.0)
Requirement already satisfied: sniffio>=1.1 in /root/.venv/lib/python3.11/site-packages (from anyio->httpx<0.29,>=0.27->python-telegram-bot) (1.3.1)
Downloading aiohttp-3.12.15-cp311-cp311-manylinux_2_17_aarch64.manylinux2014_aarch64.whl (1.7 MB)
   ━━━━━━━━━━━━━━━━━━━━━━━━━━━━━━━━━━━━━━━━ 1.7/1.7 MB 39.8 MB/s  0:00:00
Downloading multidict-6.6.4-cp311-cp311-manylinux2014_aarch64.manylinux_2_17_aarch64.manylinux_2_28_aarch64.whl (246 kB)
Downloading yarl-1.20.1-cp311-cp311-manylinux_2_17_aarch64.manylinux2014_aarch64.whl (347 kB)
Downloading python_telegram_bot-22.3-py3-none-any.whl (717 kB)
   ━━━━━━━━━━━━━━━━━━━━━━━━━━━━━━━━━━━━━━━━ 717.1/717.1 kB 36.6 MB/s  0:00:00
Downloading httpx-0.28.1-py3-none-any.whl (73 kB)
Downloading httpcore-1.0.9-py3-none-any.whl (78 kB)
Downloading celery-5.5.3-py3-none-any.whl (438 kB)
Downloading billiard-4.2.1-py3-none-any.whl (86 kB)
Downloading kombu-5.5.4-py3-none-any.whl (210 kB)
Downloading vine-5.1.0-py3-none-any.whl (9.6 kB)
Downloading amqp-5.3.1-py3-none-any.whl (50 kB)
Downloading redis-6.4.0-py3-none-any.whl (279 kB)
Downloading websockets-15.0.1-cp311-cp311-manylinux_2_17_aarch64.manylinux2014_aarch64.whl (182 kB)
Downloading nltk-3.9.1-py3-none-any.whl (1.5 MB)
   ━━━━━━━━━━━━━━━━━━━━━━━━━━━━━━━━━━━━━━━━ 1.5/1.5 MB 90.5 MB/s  0:00:00
Downloading textblob-0.19.0-py3-none-any.whl (624 kB)
   ━━━━━━━━━━━━━━━━━━━━━━━━━━━━━━━━━━━━━━━━ 624.3/624.3 kB 35.9 MB/s  0:00:00
Downloading aiohappyeyeballs-2.6.1-py3-none-any.whl (15 kB)
Downloading aiosignal-1.4.0-py3-none-any.whl (7.5 kB)
Downloading attrs-25.3.0-py3-none-any.whl (63 kB)
Downloading click_didyoumean-0.3.1-py3-none-any.whl (3.6 kB)
Downloading click_plugins-1.1.1.2-py2.py3-none-any.whl (11 kB)
Downloading click_repl-0.3.0-py3-none-any.whl (10 kB)
Downloading frozenlist-1.7.0-cp311-cp311-manylinux_2_17_aarch64.manylinux2014_aarch64.whl (237 kB)
Downloading prompt_toolkit-3.0.52-py3-none-any.whl (391 kB)
Downloading propcache-0.3.2-cp311-cp311-manylinux_2_17_aarch64.manylinux2014_aarch64.whl (217 kB)
Downloading wcwidth-0.2.13-py2.py3-none-any.whl (34 kB)
Installing collected packages: wcwidth, websockets, vine, redis, propcache, prompt-toolkit, nltk, multidict, httpcore, frozenlist, click-plugins, click-didyoumean, billiard, attrs, aiohappyeyeballs, yarl, textblob, httpx, click-repl, amqp, aiosignal, python-telegram-bot, kombu, aiohttp, celery

Successfully installed aiohappyeyeballs-2.6.1 aiohttp-3.12.15 aiosignal-1.4.0 amqp-5.3.1 attrs-25.3.0 billiard-4.2.1 celery-5.5.3 click-didyoumean-0.3.1 click-plugins-1.1.1.2 click-repl-0.3.0 frozenlist-1.7.0 httpcore-1.0.9 httpx-0.28.1 kombu-5.5.4 multidict-6.6.4 nltk-3.9.1 prompt-toolkit-3.0.52 propcache-0.3.2 python-telegram-bot-22.3 redis-6.4.0 textblob-0.19.0 vine-5.1.0 wcwidth-0.2.13 websockets-15.0.1 yarl-1.20.1
