Looking in indexes: https://pypi.org/simple, https://d33sy5i8bnduwe.cloudfront.net/simple/
Collecting praw
  Downloading praw-7.8.1-py3-none-any.whl.metadata (9.4 kB)
Collecting newsapi-python
  Using cached newsapi_python-0.2.7-py2.py3-none-any.whl.metadata (1.2 kB)
Collecting google-api-python-client
  Downloading google_api_python_client-2.181.0-py3-none-any.whl.metadata (7.0 kB)
Collecting prawcore<3,>=2.4 (from praw)
  Using cached prawcore-2.4.0-py3-none-any.whl.metadata (5.0 kB)
Collecting update_checker>=0.18 (from praw)
  Using cached update_checker-0.18.0-py3-none-any.whl.metadata (2.3 kB)
Collecting websocket-client>=0.54.0 (from praw)
  Using cached websocket_client-1.8.0-py3-none-any.whl.metadata (8.0 kB)
Requirement already satisfied: requests<3.0,>=2.6.0 in /root/.venv/lib/python3.11/site-packages (from prawcore<3,>=2.4->praw) (2.32.5)
Requirement already satisfied: charset_normalizer<4,>=2 in /root/.venv/lib/python3.11/site-packages (from requests<3.0,>=2.6.0->prawcore<3,>=2.4->praw) (3.4.3)
Requirement already satisfied: idna<4,>=2.5 in /root/.venv/lib/python3.11/site-packages (from requests<3.0,>=2.6.0->prawcore<3,>=2.4->praw) (3.10)
Requirement already satisfied: urllib3<3,>=1.21.1 in /root/.venv/lib/python3.11/site-packages (from requests<3.0,>=2.6.0->prawcore<3,>=2.4->praw) (2.5.0)
Requirement already satisfied: certifi>=2017.4.17 in /root/.venv/lib/python3.11/site-packages (from requests<3.0,>=2.6.0->prawcore<3,>=2.4->praw) (2025.8.3)
Collecting httplib2<1.0.0,>=0.19.0 (from google-api-python-client)
  Using cached httplib2-0.30.0-py3-none-any.whl.metadata (2.2 kB)
Collecting google-auth!=2.24.0,!=2.25.0,<3.0.0,>=1.32.0 (from google-api-python-client)
  Using cached google_auth-2.40.3-py2.py3-none-any.whl.metadata (6.2 kB)
Collecting google-auth-httplib2<1.0.0,>=0.2.0 (from google-api-python-client)
  Using cached google_auth_httplib2-0.2.0-py2.py3-none-any.whl.metadata (2.2 kB)
Collecting google-api-core!=2.0.*,!=2.1.*,!=2.2.*,!=2.3.0,<3.0.0,>=1.31.5 (from google-api-python-client)
  Using cached google_api_core-2.25.1-py3-none-any.whl.metadata (3.0 kB)
Collecting uritemplate<5,>=3.0.1 (from google-api-python-client)
  Using cached uritemplate-4.2.0-py3-none-any.whl.metadata (2.6 kB)
Collecting googleapis-common-protos<2.0.0,>=1.56.2 (from google-api-core!=2.0.*,!=2.1.*,!=2.2.*,!=2.3.0,<3.0.0,>=1.31.5->google-api-python-client)
  Using cached googleapis_common_protos-1.70.0-py3-none-any.whl.metadata (9.3 kB)
Collecting protobuf!=3.20.0,!=3.20.1,!=4.21.0,!=4.21.1,!=4.21.2,!=4.21.3,!=4.21.4,!=4.21.5,<7.0.0,>=3.19.5 (from google-api-core!=2.0.*,!=2.1.*,!=2.2.*,!=2.3.0,<3.0.0,>=1.31.5->google-api-python-client)
  Using cached protobuf-6.32.0-cp39-abi3-manylinux2014_aarch64.whl.metadata (593 bytes)
Collecting proto-plus<2.0.0,>=1.22.3 (from google-api-core!=2.0.*,!=2.1.*,!=2.2.*,!=2.3.0,<3.0.0,>=1.31.5->google-api-python-client)
  Using cached proto_plus-1.26.1-py3-none-any.whl.metadata (2.2 kB)
Collecting cachetools<6.0,>=2.0.0 (from google-auth!=2.24.0,!=2.25.0,<3.0.0,>=1.32.0->google-api-python-client)
  Using cached cachetools-5.5.2-py3-none-any.whl.metadata (5.4 kB)
Collecting pyasn1-modules>=0.2.1 (from google-auth!=2.24.0,!=2.25.0,<3.0.0,>=1.32.0->google-api-python-client)
  Using cached pyasn1_modules-0.4.2-py3-none-any.whl.metadata (3.5 kB)
Requirement already satisfied: rsa<5,>=3.1.4 in /root/.venv/lib/python3.11/site-packages (from google-auth!=2.24.0,!=2.25.0,<3.0.0,>=1.32.0->google-api-python-client) (4.9.1)
Collecting pyparsing<4,>=3.0.4 (from httplib2<1.0.0,>=0.19.0->google-api-python-client)
  Using cached pyparsing-3.2.3-py3-none-any.whl.metadata (5.0 kB)
Requirement already satisfied: pyasn1>=0.1.3 in /root/.venv/lib/python3.11/site-packages (from rsa<5,>=3.1.4->google-auth!=2.24.0,!=2.25.0,<3.0.0,>=1.32.0->google-api-python-client) (0.6.1)
Downloading praw-7.8.1-py3-none-any.whl (189 kB)
Downloading prawcore-2.4.0-py3-none-any.whl (17 kB)
Downloading newsapi_python-0.2.7-py2.py3-none-any.whl (7.9 kB)
Downloading google_api_python_client-2.181.0-py3-none-any.whl (14.1 MB)
   ━━━━━━━━━━━━━━━━━━━━━━━━━━━━━━━━━━━━━━━━ 14.1/14.1 MB 143.6 MB/s  0:00:00
Downloading google_api_core-2.25.1-py3-none-any.whl (160 kB)
Downloading google_auth-2.40.3-py2.py3-none-any.whl (216 kB)
Downloading cachetools-5.5.2-py3-none-any.whl (10 kB)
Downloading google_auth_httplib2-0.2.0-py2.py3-none-any.whl (9.3 kB)
Downloading googleapis_common_protos-1.70.0-py3-none-any.whl (294 kB)
Downloading httplib2-0.30.0-py3-none-any.whl (91 kB)
Downloading proto_plus-1.26.1-py3-none-any.whl (50 kB)
Downloading protobuf-6.32.0-cp39-abi3-manylinux2014_aarch64.whl (322 kB)
Downloading pyparsing-3.2.3-py3-none-any.whl (111 kB)
Downloading uritemplate-4.2.0-py3-none-any.whl (11 kB)
Downloading pyasn1_modules-0.4.2-py3-none-any.whl (181 kB)
Downloading update_checker-0.18.0-py3-none-any.whl (7.0 kB)
Downloading websocket_client-1.8.0-py3-none-any.whl (58 kB)
Installing collected packages: websocket-client, uritemplate, pyparsing, pyasn1-modules, protobuf, cachetools, update_checker, proto-plus, prawcore, newsapi-python, httplib2, googleapis-common-protos, google-auth, praw, google-auth-httplib2, google-api-core, google-api-python-client

Successfully installed cachetools-5.5.2 google-api-core-2.25.1 google-api-python-client-2.181.0 google-auth-2.40.3 google-auth-httplib2-0.2.0 googleapis-common-protos-1.70.0 httplib2-0.30.0 newsapi-python-0.2.7 praw-7.8.1 prawcore-2.4.0 proto-plus-1.26.1 protobuf-6.32.0 pyasn1-modules-0.4.2 pyparsing-3.2.3 update_checker-0.18.0 uritemplate-4.2.0 websocket-client-1.8.0
