Looking in indexes: https://pypi.org/simple, https://d33sy5i8bnduwe.cloudfront.net/simple/
Requirement already satisfied: fastapi in /root/.venv/lib/python3.11/site-packages (0.110.1)
Requirement already satisfied: uvicorn in /root/.venv/lib/python3.11/site-packages (0.25.0)
Requirement already satisfied: motor in /root/.venv/lib/python3.11/site-packages (3.3.1)
Requirement already satisfied: pymongo in /root/.venv/lib/python3.11/site-packages (4.5.0)
Requirement already satisfied: pydantic in /root/.venv/lib/python3.11/site-packages (2.11.7)
Requirement already satisfied: python-dotenv in /root/.venv/lib/python3.11/site-packages (1.1.1)
Requirement already satisfied: requests in /root/.venv/lib/python3.11/site-packages (2.32.5)
Collecting beautifulsoup4
  Downloading beautifulsoup4-4.13.5-py3-none-any.whl.metadata (3.8 kB)
Collecting scikit-learn
  Downloading scikit_learn-1.7.1-cp311-cp311-manylinux_2_27_aarch64.manylinux_2_28_aarch64.whl.metadata (11 kB)
Collecting transformers
  Downloading transformers-4.56.0-py3-none-any.whl.metadata (40 kB)
Requirement already satisfied: pandas in /root/.venv/lib/python3.11/site-packages (2.3.2)
Requirement already satisfied: numpy in /root/.venv/lib/python3.11/site-packages (2.3.2)
Requirement already satisfied: starlette<0.38.0,>=0.37.2 in /root/.venv/lib/python3.11/site-packages (from fastapi) (0.37.2)
Requirement already satisfied: typing-extensions>=4.8.0 in /root/.venv/lib/python3.11/site-packages (from fastapi) (4.15.0)
Requirement already satisfied: annotated-types>=0.6.0 in /root/.venv/lib/python3.11/site-packages (from pydantic) (0.7.0)
Requirement already satisfied: pydantic-core==2.33.2 in /root/.venv/lib/python3.11/site-packages (from pydantic) (2.33.2)
Requirement already satisfied: typing-inspection>=0.4.0 in /root/.venv/lib/python3.11/site-packages (from pydantic) (0.4.1)
Requirement already satisfied: anyio<5,>=3.4.0 in /root/.venv/lib/python3.11/site-packages (from starlette<0.38.0,>=0.37.2->fastapi) (4.10.0)
Requirement already satisfied: idna>=2.8 in /root/.venv/lib/python3.11/site-packages (from anyio<5,>=3.4.0->starlette<0.38.0,>=0.37.2->fastapi) (3.10)
Requirement already satisfied: sniffio>=1.1 in /root/.venv/lib/python3.11/site-packages (from anyio<5,>=3.4.0->starlette<0.38.0,>=0.37.2->fastapi) (1.3.1)
Requirement already satisfied: click>=7.0 in /root/.venv/lib/python3.11/site-packages (from uvicorn) (8.2.1)
Requirement already satisfied: h11>=0.8 in /root/.venv/lib/python3.11/site-packages (from uvicorn) (0.16.0)
Requirement already satisfied: dnspython<3.0.0,>=1.16.0 in /root/.venv/lib/python3.11/site-packages (from pymongo) (2.7.0)
Requirement already satisfied: charset_normalizer<4,>=2 in /root/.venv/lib/python3.11/site-packages (from requests) (3.4.3)
Requirement already satisfied: urllib3<3,>=1.21.1 in /root/.venv/lib/python3.11/site-packages (from requests) (2.5.0)
Requirement already satisfied: certifi>=2017.4.17 in /root/.venv/lib/python3.11/site-packages (from requests) (2025.8.3)
Collecting soupsieve>1.2 (from beautifulsoup4)
  Using cached soupsieve-2.8-py3-none-any.whl.metadata (4.6 kB)
Collecting scipy>=1.8.0 (from scikit-learn)
  Using cached scipy-1.16.1-cp311-cp311-manylinux2014_aarch64.manylinux_2_17_aarch64.whl.metadata (61 kB)
Collecting joblib>=1.2.0 (from scikit-learn)
  Using cached joblib-1.5.2-py3-none-any.whl.metadata (5.6 kB)
Collecting threadpoolctl>=3.1.0 (from scikit-learn)
  Using cached threadpoolctl-3.6.0-py3-none-any.whl.metadata (13 kB)
Collecting filelock (from transformers)
  Using cached filelock-3.19.1-py3-none-any.whl.metadata (2.1 kB)
Collecting huggingface-hub<1.0,>=0.34.0 (from transformers)
  Using cached huggingface_hub-0.34.4-py3-none-any.whl.metadata (14 kB)
Requirement already satisfied: packaging>=20.0 in /root/.venv/lib/python3.11/site-packages (from transformers) (25.0)
Collecting pyyaml>=5.1 (from transformers)
  Using cached PyYAML-6.0.2-cp311-cp311-manylinux_2_17_aarch64.manylinux2014_aarch64.whl.metadata (2.1 kB)
Collecting regex!=2019.12.17 (from transformers)
  Using cached regex-2025.9.1-cp311-cp311-manylinux2014_aarch64.manylinux_2_17_aarch64.manylinux_2_28_aarch64.whl.metadata (40 kB)
Collecting tokenizers<=0.23.0,>=0.22.0 (from transformers)
  Downloading tokenizers-0.22.0-cp39-abi3-manylinux_2_17_aarch64.manylinux2014_aarch64.whl.metadata (6.8 kB)
Collecting safetensors>=0.4.3 (from transformers)
  Using cached safetensors-0.6.2-cp38-abi3-manylinux_2_17_aarch64.manylinux2014_aarch64.whl.metadata (4.1 kB)
Collecting tqdm>=4.27 (from transformers)
  Using cached tqdm-4.67.1-py3-none-any.whl.metadata (57 kB)
Collecting fsspec>=2023.5.0 (from huggingface-hub<1.0,>=0.34.0->transformers)
  Using cached fsspec-2025.9.0-py3-none-any.whl.metadata (10 kB)
Collecting hf-xet<2.0.0,>=1.1.3 (from huggingface-hub<1.0,>=0.34.0->transformers)
  Using cached hf_xet-1.1.9-cp37-abi3-manylinux_2_28_aarch64.whl.metadata (4.7 kB)
Requirement already satisfied: python-dateutil>=2.8.2 in /root/.venv/lib/python3.11/site-packages (from pandas) (2.9.0.post0)
Requirement already satisfied: pytz>=2020.1 in /root/.venv/lib/python3.11/site-packages (from pandas) (2025.2)
Requirement already satisfied: tzdata>=2022.7 in /root/.venv/lib/python3.11/site-packages (from pandas) (2025.2)
Requirement already satisfied: six>=1.5 in /root/.venv/lib/python3.11/site-packages (from python-dateutil>=2.8.2->pandas) (1.17.0)
Downloading beautifulsoup4-4.13.5-py3-none-any.whl (105 kB)
Downloading scikit_learn-1.7.1-cp311-cp311-manylinux_2_27_aarch64.manylinux_2_28_aarch64.whl (9.5 MB)
   ━━━━━━━━━━━━━━━━━━━━━━━━━━━━━━━━━━━━━━━━ 9.5/9.5 MB 21.5 MB/s  0:00:00
Downloading transformers-4.56.0-py3-none-any.whl (11.6 MB)
   ━━━━━━━━━━━━━━━━━━━━━━━━━━━━━━━━━━━━━━━━ 11.6/11.6 MB 61.5 MB/s  0:00:00
Downloading huggingface_hub-0.34.4-py3-none-any.whl (561 kB)
   ━━━━━━━━━━━━━━━━━━━━━━━━━━━━━━━━━━━━━━━━ 561.5/561.5 kB 26.9 MB/s  0:00:00
Downloading hf_xet-1.1.9-cp37-abi3-manylinux_2_28_aarch64.whl (3.1 MB)
   ━━━━━━━━━━━━━━━━━━━━━━━━━━━━━━━━━━━━━━━━ 3.1/3.1 MB 74.0 MB/s  0:00:00
Downloading tokenizers-0.22.0-cp39-abi3-manylinux_2_17_aarch64.manylinux2014_aarch64.whl (3.3 MB)
   ━━━━━━━━━━━━━━━━━━━━━━━━━━━━━━━━━━━━━━━━ 3.3/3.3 MB 81.3 MB/s  0:00:00
Downloading fsspec-2025.9.0-py3-none-any.whl (199 kB)
Downloading joblib-1.5.2-py3-none-any.whl (308 kB)
Downloading PyYAML-6.0.2-cp311-cp311-manylinux_2_17_aarch64.manylinux2014_aarch64.whl (736 kB)
   ━━━━━━━━━━━━━━━━━━━━━━━━━━━━━━━━━━━━━━━━ 736.8/736.8 kB 42.4 MB/s  0:00:00
Downloading regex-2025.9.1-cp311-cp311-manylinux2014_aarch64.manylinux_2_17_aarch64.manylinux_2_28_aarch64.whl (792 kB)
   ━━━━━━━━━━━━━━━━━━━━━━━━━━━━━━━━━━━━━━━━ 792.4/792.4 kB 44.0 MB/s  0:00:00
Downloading safetensors-0.6.2-cp38-abi3-manylinux_2_17_aarch64.manylinux2014_aarch64.whl (473 kB)
Downloading scipy-1.16.1-cp311-cp311-manylinux2014_aarch64.manylinux_2_17_aarch64.whl (33.5 MB)
   ━━━━━━━━━━━━━━━━━━━━━━━━━━━━━━━━━━━━━━━━ 33.5/33.5 MB 130.6 MB/s  0:00:00
Downloading soupsieve-2.8-py3-none-any.whl (36 kB)
Downloading threadpoolctl-3.6.0-py3-none-any.whl (18 kB)
Downloading tqdm-4.67.1-py3-none-any.whl (78 kB)
Downloading filelock-3.19.1-py3-none-any.whl (15 kB)
Installing collected packages: tqdm, threadpoolctl, soupsieve, scipy, safetensors, regex, pyyaml, joblib, hf-xet, fsspec, filelock, scikit-learn, huggingface-hub, beautifulsoup4, tokenizers, transformers

Successfully installed beautifulsoup4-4.13.5 filelock-3.19.1 fsspec-2025.9.0 hf-xet-1.1.9 huggingface-hub-0.34.4 joblib-1.5.2 pyyaml-6.0.2 regex-2025.9.1 safetensors-0.6.2 scikit-learn-1.7.1 scipy-1.16.1 soupsieve-2.8 threadpoolctl-3.6.0 tokenizers-0.22.0 tqdm-4.67.1 transformers-4.56.0
